{"/app/src/index.ts": {"path":"/app/src/index.ts","statementMap":{"0":{"start":{"line":11,"column":0},"end":{"line":11,"column":16}},"1":{"start":{"line":18,"column":0},"end":{"line":18,"column":16}},"2":{"start":{"line":1,"column":0},"end":{"line":1,"column":53}},"3":{"start":{"line":2,"column":0},"end":{"line":2,"column":29}},"4":{"start":{"line":3,"column":0},"end":{"line":3,"column":28}},"5":{"start":{"line":4,"column":0},"end":{"line":4,"column":71}},"6":{"start":{"line":6,"column":12},"end":{"line":6,"column":21}},"7":{"start":{"line":7,"column":0},"end":{"line":7,"column":24}},"8":{"start":{"line":9,"column":19},"end":{"line":9,"column":66}},"9":{"start":{"line":12,"column":2},"end":{"line":15,"column":5}},"10":{"start":{"line":19,"column":2},"end":{"line":19,"column":32}},"11":{"start":{"line":22,"column":0},"end":{"line":24,"column":1}},"12":{"start":{"line":23,"column":2},"end":{"line":23,"column":10}},"13":{"start":{"line":27,"column":2},"end":{"line":27,"column":84}},"14":{"start":{"line":30,"column":0},"end":{"line":45,"column":3}},"15":{"start":{"line":30,"column":58},"end":{"line":45,"column":2}},"16":{"start":{"line":31,"column":18},"end":{"line":31,"column":26}},"17":{"start":{"line":33,"column":2},"end":{"line":33,"column":123}},"18":{"start":{"line":33,"column":35},"end":{"line":33,"column":123}},"19":{"start":{"line":34,"column":2},"end":{"line":34,"column":94}},"20":{"start":{"line":34,"column":37},"end":{"line":34,"column":94}},"21":{"start":{"line":37,"column":23},"end":{"line":37,"column":57}},"22":{"start":{"line":38,"column":2},"end":{"line":38,"column":null}},"23":{"start":{"line":38,"column":18},"end":{"line":38,"column":null}},"24":{"start":{"line":40,"column":20},"end":{"line":40,"column":39}},"25":{"start":{"line":41,"column":2},"end":{"line":41,"column":207}},"26":{"start":{"line":42,"column":2},"end":{"line":44,"column":5}},"27":{"start":{"line":47,"column":0},"end":{"line":53,"column":3}},"28":{"start":{"line":47,"column":70},"end":{"line":53,"column":2}},"29":{"start":{"line":48,"column":20},"end":{"line":48,"column":40}},"30":{"start":{"line":49,"column":20},"end":{"line":49,"column":109}},"31":{"start":{"line":50,"column":2},"end":{"line":52,"column":5}},"32":{"start":{"line":55,"column":0},"end":{"line":55,"column":19}}},"fnMap":{"0":{"name":"start","decl":{"start":{"line":11,"column":16},"end":{"line":11,"column":21}},"loc":{"start":{"line":11,"column":33},"end":{"line":16,"column":1}}},"1":{"name":"(anonymous_9)","decl":{"start":{"line":12,"column":26},"end":{"line":12,"column":29}},"loc":{"start":{"line":12,"column":31},"end":{"line":15,"column":3}}},"2":{"name":"closeConnection","decl":{"start":{"line":18,"column":16},"end":{"line":18,"column":31}},"loc":{"start":{"line":18,"column":31},"end":{"line":20,"column":1}}},"3":{"name":"existingEmail","decl":{"start":{"line":26,"column":15},"end":{"line":26,"column":28}},"loc":{"start":{"line":26,"column":42},"end":{"line":28,"column":null}}},"4":{"name":"(anonymous_13)","decl":{"start":{"line":30,"column":20},"end":{"line":30,"column":27}},"loc":{"start":{"line":30,"column":58},"end":{"line":45,"column":2}}},"5":{"name":"(anonymous_14)","decl":{"start":{"line":30,"column":58},"end":{"line":30,"column":null}},"loc":{"start":{"line":30,"column":58},"end":{"line":45,"column":1}}},"6":{"name":"(anonymous_15)","decl":{"start":{"line":47,"column":32},"end":{"line":47,"column":39}},"loc":{"start":{"line":47,"column":70},"end":{"line":53,"column":2}}},"7":{"name":"(anonymous_16)","decl":{"start":{"line":47,"column":70},"end":{"line":47,"column":null}},"loc":{"start":{"line":47,"column":70},"end":{"line":53,"column":1}}}},"branchMap":{"0":{"loc":{"start":{"line":11,"column":22},"end":{"line":11,"column":33}},"type":"default-arg","locations":[{"start":{"line":11,"column":29},"end":{"line":11,"column":33}}]},"1":{"loc":{"start":{"line":22,"column":0},"end":{"line":24,"column":1}},"type":"if","locations":[{"start":{"line":22,"column":0},"end":{"line":24,"column":1}},{"start":{},"end":{}}]},"2":{"loc":{"start":{"line":33,"column":2},"end":{"line":33,"column":123}},"type":"if","locations":[{"start":{"line":33,"column":2},"end":{"line":33,"column":123}},{"start":{},"end":{}}]},"3":{"loc":{"start":{"line":34,"column":2},"end":{"line":34,"column":94}},"type":"if","locations":[{"start":{"line":34,"column":2},"end":{"line":34,"column":94}},{"start":{},"end":{}}]},"4":{"loc":{"start":{"line":38,"column":2},"end":{"line":38,"column":null}},"type":"if","locations":[{"start":{"line":38,"column":2},"end":{"line":38,"column":null}},{"start":{},"end":{}}]}},"s":{"0":1,"1":1,"2":1,"3":1,"4":1,"5":1,"6":1,"7":1,"8":1,"9":1,"10":1,"11":1,"12":0,"13":3,"14":1,"15":5,"16":5,"17":5,"18":1,"19":4,"20":1,"21":3,"22":3,"23":1,"24":2,"25":2,"26":2,"27":1,"28":1,"29":1,"30":1,"31":1,"32":1},"f":{"0":1,"1":1,"2":1,"3":3,"4":5,"5":5,"6":1,"7":1},"b":{"0":[0],"1":[0,1],"2":[1,4],"3":[1,3],"4":[1,2]}}
,"/app/src/helpers/validateCpf.ts": {"path":"/app/src/helpers/validateCpf.ts","statementMap":{"0":{"start":{"line":3,"column":0},"end":{"line":3,"column":16}},"1":{"start":{"line":1,"column":21},"end":{"line":1,"column":23}},"2":{"start":{"line":4,"column":2},"end":{"line":4,"column":25}},"3":{"start":{"line":4,"column":12},"end":{"line":4,"column":25}},"4":{"start":{"line":5,"column":2},"end":{"line":5,"column":19}},"5":{"start":{"line":6,"column":2},"end":{"line":6,"column":48}},"6":{"start":{"line":6,"column":35},"end":{"line":6,"column":48}},"7":{"start":{"line":7,"column":2},"end":{"line":7,"column":42}},"8":{"start":{"line":7,"column":29},"end":{"line":7,"column":42}},"9":{"start":{"line":8,"column":14},"end":{"line":8,"column":37}},"10":{"start":{"line":9,"column":14},"end":{"line":9,"column":37}},"11":{"start":{"line":10,"column":2},"end":{"line":10,"column":51}},"12":{"start":{"line":14,"column":2},"end":{"line":14,"column":32}},"13":{"start":{"line":18,"column":23},"end":{"line":18,"column":26}},"14":{"start":{"line":19,"column":2},"end":{"line":19,"column":55}},"15":{"start":{"line":19,"column":33},"end":{"line":19,"column":53}},"16":{"start":{"line":23,"column":14},"end":{"line":23,"column":15}},"17":{"start":{"line":24,"column":2},"end":{"line":26,"column":3}},"18":{"start":{"line":25,"column":4},"end":{"line":25,"column":56}},"19":{"start":{"line":25,"column":20},"end":{"line":25,"column":56}},"20":{"start":{"line":27,"column":15},"end":{"line":27,"column":25}},"21":{"start":{"line":28,"column":2},"end":{"line":28,"column":36}},"22":{"start":{"line":32,"column":2},"end":{"line":32,"column":22}}},"fnMap":{"0":{"name":"validateCpf","decl":{"start":{"line":3,"column":16},"end":{"line":3,"column":27}},"loc":{"start":{"line":3,"column":39},"end":{"line":11,"column":1}}},"1":{"name":"clean","decl":{"start":{"line":13,"column":9},"end":{"line":13,"column":14}},"loc":{"start":{"line":13,"column":26},"end":{"line":15,"column":1}}},"2":{"name":"allDigitsTheSame","decl":{"start":{"line":17,"column":9},"end":{"line":17,"column":25}},"loc":{"start":{"line":17,"column":37},"end":{"line":20,"column":1}}},"3":{"name":"(anonymous_3)","decl":{"start":{"line":19,"column":24},"end":{"line":19,"column":29}},"loc":{"start":{"line":19,"column":33},"end":{"line":19,"column":53}}},"4":{"name":"calculateDigit","decl":{"start":{"line":22,"column":9},"end":{"line":22,"column":23}},"loc":{"start":{"line":22,"column":51},"end":{"line":29,"column":1}}},"5":{"name":"extractCheckDigit","decl":{"start":{"line":31,"column":9},"end":{"line":31,"column":26}},"loc":{"start":{"line":31,"column":38},"end":{"line":33,"column":1}}}},"branchMap":{"0":{"loc":{"start":{"line":4,"column":2},"end":{"line":4,"column":25}},"type":"if","locations":[{"start":{"line":4,"column":2},"end":{"line":4,"column":25}},{"start":{},"end":{}}]},"1":{"loc":{"start":{"line":6,"column":2},"end":{"line":6,"column":48}},"type":"if","locations":[{"start":{"line":6,"column":2},"end":{"line":6,"column":48}},{"start":{},"end":{}}]},"2":{"loc":{"start":{"line":7,"column":2},"end":{"line":7,"column":42}},"type":"if","locations":[{"start":{"line":7,"column":2},"end":{"line":7,"column":42}},{"start":{},"end":{}}]},"3":{"loc":{"start":{"line":25,"column":4},"end":{"line":25,"column":56}},"type":"if","locations":[{"start":{"line":25,"column":4},"end":{"line":25,"column":56}},{"start":{},"end":{}}]},"4":{"loc":{"start":{"line":28,"column":9},"end":{"line":28,"column":35}},"type":"cond-expr","locations":[{"start":{"line":28,"column":22},"end":{"line":28,"column":23}},{"start":{"line":28,"column":26},"end":{"line":28,"column":35}}]}},"s":{"0":1,"1":1,"2":5,"3":2,"4":3,"5":3,"6":1,"7":2,"8":1,"9":1,"10":1,"11":1,"12":3,"13":2,"14":2,"15":13,"16":2,"17":2,"18":22,"19":19,"20":2,"21":2,"22":1},"f":{"0":5,"1":3,"2":2,"3":13,"4":2,"5":1},"b":{"0":[2,3],"1":[1,2],"2":[1,1],"3":[19,3],"4":[0,2]}}
,"/app/src/helpers/validator.ts": {"path":"/app/src/helpers/validator.ts","statementMap":{"0":{"start":{"line":1,"column":28},"end":{"line":11,"column":1}},"1":{"start":{"line":3,"column":16},"end":{"line":3,"column":21}},"2":{"start":{"line":5,"column":20},"end":{"line":5,"column":44}},"3":{"start":{"line":7,"column":2},"end":{"line":8,"column":null}},"4":{"start":{"line":8,"column":4},"end":{"line":8,"column":null}},"5":{"start":{"line":10,"column":2},"end":{"line":10,"column":17}},"6":{"start":{"line":1,"column":13},"end":{"line":1,"column":28}},"7":{"start":{"line":13,"column":29},"end":{"line":24,"column":1}},"8":{"start":{"line":15,"column":16},"end":{"line":15,"column":21}},"9":{"start":{"line":17,"column":21},"end":{"line":17,"column":49}},"10":{"start":{"line":19,"column":2},"end":{"line":20,"column":null}},"11":{"start":{"line":20,"column":4},"end":{"line":20,"column":null}},"12":{"start":{"line":22,"column":2},"end":{"line":22,"column":17}},"13":{"start":{"line":13,"column":13},"end":{"line":13,"column":29}}},"fnMap":{"0":{"name":"(anonymous_0)","decl":{"start":{"line":1,"column":28},"end":{"line":1,"column":29}},"loc":{"start":{"line":1,"column":45},"end":{"line":11,"column":1}}},"1":{"name":"(anonymous_1)","decl":{"start":{"line":13,"column":29},"end":{"line":13,"column":30}},"loc":{"start":{"line":13,"column":47},"end":{"line":24,"column":1}}}},"branchMap":{"0":{"loc":{"start":{"line":7,"column":2},"end":{"line":8,"column":null}},"type":"if","locations":[{"start":{"line":7,"column":2},"end":{"line":8,"column":null}},{"start":{},"end":{}}]},"1":{"loc":{"start":{"line":19,"column":2},"end":{"line":20,"column":null}},"type":"if","locations":[{"start":{"line":19,"column":2},"end":{"line":20,"column":null}},{"start":{},"end":{}}]}},"s":{"0":2,"1":7,"2":7,"3":7,"4":5,"5":7,"6":2,"7":2,"8":5,"9":5,"10":5,"11":3,"12":5,"13":2},"f":{"0":7,"1":5},"b":{"0":[5,2],"1":[3,2]}}
}
