TN:
SF:src/index.ts
FN:11,start
FN:12,(anonymous_9)
FN:18,closeConnection
FN:26,existingEmail
FN:30,(anonymous_13)
FN:30,(anonymous_14)
FN:47,(anonymous_15)
FN:47,(anonymous_16)
FNF:8
FNH:8
FNDA:1,start
FNDA:1,(anonymous_9)
FNDA:1,closeConnection
FNDA:3,existingEmail
FNDA:5,(anonymous_13)
FNDA:5,(anonymous_14)
FNDA:1,(anonymous_15)
FNDA:1,(anonymous_16)
DA:1,1
DA:2,1
DA:3,1
DA:4,1
DA:6,1
DA:7,1
DA:9,1
DA:11,1
DA:12,1
DA:18,1
DA:19,1
DA:22,1
DA:23,0
DA:27,3
DA:30,5
DA:31,5
DA:33,5
DA:34,4
DA:37,3
DA:38,3
DA:40,2
DA:41,2
DA:42,2
DA:47,1
DA:48,1
DA:49,1
DA:50,1
DA:55,1
LF:28
LH:27
BRDA:11,0,0,0
BRDA:22,1,0,0
BRDA:22,1,1,1
BRDA:33,2,0,1
BRDA:33,2,1,4
BRDA:34,3,0,1
BRDA:34,3,1,3
BRDA:38,4,0,1
BRDA:38,4,1,2
BRF:9
BRH:7
end_of_record
TN:
SF:src/helpers/validateCpf.ts
FN:3,validateCpf
FN:13,clean
FN:17,allDigitsTheSame
FN:19,(anonymous_3)
FN:22,calculateDigit
FN:31,extractCheckDigit
FNF:6
FNH:6
FNDA:5,validateCpf
FNDA:3,clean
FNDA:2,allDigitsTheSame
FNDA:13,(anonymous_3)
FNDA:2,calculateDigit
FNDA:1,extractCheckDigit
DA:1,1
DA:3,1
DA:4,5
DA:5,3
DA:6,3
DA:7,2
DA:8,1
DA:9,1
DA:10,1
DA:14,3
DA:18,2
DA:19,13
DA:23,2
DA:24,2
DA:25,22
DA:27,2
DA:28,2
DA:32,1
LF:18
LH:18
BRDA:4,0,0,2
BRDA:4,0,1,3
BRDA:6,1,0,1
BRDA:6,1,1,2
BRDA:7,2,0,1
BRDA:7,2,1,1
BRDA:25,3,0,19
BRDA:25,3,1,3
BRDA:28,4,0,0
BRDA:28,4,1,2
BRF:10
BRH:9
end_of_record
TN:
SF:src/helpers/validator.ts
FN:1,(anonymous_0)
FN:13,(anonymous_1)
FNF:2
FNH:2
FNDA:7,(anonymous_0)
FNDA:5,(anonymous_1)
DA:1,2
DA:3,7
DA:5,7
DA:7,7
DA:8,5
DA:10,7
DA:13,2
DA:15,5
DA:17,5
DA:19,5
DA:20,3
DA:22,5
LF:12
LH:12
BRDA:7,0,0,5
BRDA:7,0,1,2
BRDA:19,1,0,3
BRDA:19,1,1,2
BRF:4
BRH:4
end_of_record
